<?xml version="1.0" encoding="UTF-8"?>
<!-- Generated by org.testng.reporters.JUnitReportReporter -->
<testsuite skipped="0" hostname="LAPTOP-S3E6FN1T" name="com.testcases.LoginTest" tests="1" failures="0" timestamp="30 Nov 2019 00:40:20 GMT" time="7.232" errors="0">
  <testcase name="loginTest" time="7.232" classname="com.testcases.LoginTest"/>
</testsuite> <!-- com.testcases.LoginTest -->
